mode: set
github.com/madelyne-io/madelyne/main.go:9.13,10.23 1 0
github.com/madelyne-io/madelyne/main.go:15.2,16.16 2 0
github.com/madelyne-io/madelyne/main.go:20.2,22.16 3 0
github.com/madelyne-io/madelyne/main.go:26.2,26.24 1 0
github.com/madelyne-io/madelyne/main.go:10.23,13.3 2 0
github.com/madelyne-io/madelyne/main.go:16.16,19.3 2 0
github.com/madelyne-io/madelyne/main.go:22.16,25.3 2 0
github.com/madelyne-io/madelyne/comparator/comparator.go:16.57,21.2 1 1
github.com/madelyne-io/madelyne/comparator/comparator.go:23.42,25.2 1 0
github.com/madelyne-io/madelyne/comparator/comparator.go:26.42,26.58 1 1
github.com/madelyne-io/madelyne/comparator/comparator.go:45.42,52.2 1 1
github.com/madelyne-io/madelyne/comparator/comparator.go:61.59,63.2 1 1
github.com/madelyne-io/madelyne/comparator/comparator.go:65.30,67.2 1 1
github.com/madelyne-io/madelyne/comparator/comparator.go:69.78,73.32 3 1
github.com/madelyne-io/madelyne/comparator/comparator.go:84.2,84.20 1 1
github.com/madelyne-io/madelyne/comparator/comparator.go:90.2,90.44 1 1
github.com/madelyne-io/madelyne/comparator/comparator.go:73.32,74.37 1 1
github.com/madelyne-io/madelyne/comparator/comparator.go:77.3,77.32 1 1
github.com/madelyne-io/madelyne/comparator/comparator.go:80.3,80.34 1 1
github.com/madelyne-io/madelyne/comparator/comparator.go:74.37,76.4 1 1
github.com/madelyne-io/madelyne/comparator/comparator.go:77.32,79.4 1 0
github.com/madelyne-io/madelyne/comparator/comparator.go:80.34,82.4 1 1
github.com/madelyne-io/madelyne/comparator/comparator.go:85.19,86.90 1 1
github.com/madelyne-io/madelyne/comparator/comparator.go:87.21,88.74 1 1
github.com/madelyne-io/madelyne/comparator/comparator.go:93.86,96.16 3 1
github.com/madelyne-io/madelyne/comparator/comparator.go:99.2,99.27 1 1
github.com/madelyne-io/madelyne/comparator/comparator.go:102.2,102.12 1 1
github.com/madelyne-io/madelyne/comparator/comparator.go:96.16,98.3 1 1
github.com/madelyne-io/madelyne/comparator/comparator.go:99.27,101.3 1 1
github.com/madelyne-io/madelyne/comparator/comparator.go:105.84,107.9 2 1
github.com/madelyne-io/madelyne/comparator/comparator.go:110.2,112.22 3 1
github.com/madelyne-io/madelyne/comparator/comparator.go:115.2,115.21 1 1
github.com/madelyne-io/madelyne/comparator/comparator.go:107.9,109.3 1 1
github.com/madelyne-io/madelyne/comparator/comparator.go:112.22,114.3 1 1
github.com/madelyne-io/madelyne/comparator/comparator.go:118.58,120.23 2 1
github.com/madelyne-io/madelyne/comparator/comparator.go:123.2,123.12 1 1
github.com/madelyne-io/madelyne/comparator/comparator.go:120.23,122.3 1 1
github.com/madelyne-io/madelyne/comparator/comparator.go:126.73,128.2 1 1
github.com/madelyne-io/madelyne/comparator/comparator.go:130.80,132.16 2 1
github.com/madelyne-io/madelyne/comparator/comparator.go:135.2,135.46 1 1
github.com/madelyne-io/madelyne/comparator/comparator.go:132.16,134.3 1 1
github.com/madelyne-io/madelyne/comparator/comparator.go:138.92,141.16 3 1
github.com/madelyne-io/madelyne/comparator/comparator.go:144.2,144.27 1 1
github.com/madelyne-io/madelyne/comparator/comparator.go:152.2,153.12 2 1
github.com/madelyne-io/madelyne/comparator/comparator.go:141.16,143.3 1 1
github.com/madelyne-io/madelyne/comparator/comparator.go:144.27,147.17 3 1
github.com/madelyne-io/madelyne/comparator/comparator.go:150.3,150.34 1 1
github.com/madelyne-io/madelyne/comparator/comparator.go:147.17,149.4 1 1
github.com/madelyne-io/madelyne/comparator/comparator.go:156.37,157.18 1 1
github.com/madelyne-io/madelyne/comparator/comparator.go:160.2,160.22 1 1
github.com/madelyne-io/madelyne/comparator/comparator.go:157.18,159.3 1 1
github.com/madelyne-io/madelyne/comparator/comparator.go:162.50,164.2 1 1
github.com/madelyne-io/madelyne/comparator/comparator.go:166.54,168.2 1 1
github.com/madelyne-io/madelyne/comparator/comparator.go:170.99,171.30 1 1
github.com/madelyne-io/madelyne/comparator/comparator.go:192.2,192.12 1 1
github.com/madelyne-io/madelyne/comparator/comparator.go:171.30,174.23 3 1
github.com/madelyne-io/madelyne/comparator/comparator.go:178.3,179.10 2 1
github.com/madelyne-io/madelyne/comparator/comparator.go:186.3,187.17 2 1
github.com/madelyne-io/madelyne/comparator/comparator.go:190.3,190.34 1 1
github.com/madelyne-io/madelyne/comparator/comparator.go:174.23,177.4 2 1
github.com/madelyne-io/madelyne/comparator/comparator.go:179.10,180.21 1 1
github.com/madelyne-io/madelyne/comparator/comparator.go:184.4,184.66 1 1
github.com/madelyne-io/madelyne/comparator/comparator.go:180.21,183.5 2 1
github.com/madelyne-io/madelyne/comparator/comparator.go:187.17,189.4 1 1
github.com/madelyne-io/madelyne/comparator/comparator.go:195.87,196.24 1 1
github.com/madelyne-io/madelyne/comparator/comparator.go:205.2,205.12 1 1
github.com/madelyne-io/madelyne/comparator/comparator.go:196.24,200.25 4 1
github.com/madelyne-io/madelyne/comparator/comparator.go:203.3,203.34 1 1
github.com/madelyne-io/madelyne/comparator/comparator.go:200.25,202.4 1 1
github.com/madelyne-io/madelyne/comparator/fileloader.go:15.70,16.59 1 1
github.com/madelyne-io/madelyne/comparator/fileloader.go:16.59,19.17 3 0
github.com/madelyne-io/madelyne/comparator/fileloader.go:23.3,25.17 3 0
github.com/madelyne-io/madelyne/comparator/fileloader.go:29.3,29.19 1 0
github.com/madelyne-io/madelyne/comparator/fileloader.go:19.17,21.4 1 0
github.com/madelyne-io/madelyne/comparator/fileloader.go:25.17,27.4 1 0
github.com/madelyne-io/madelyne/matcher/vm/vm.go:14.147,16.16 2 1
github.com/madelyne-io/madelyne/matcher/vm/vm.go:21.2,22.39 2 1
github.com/madelyne-io/madelyne/matcher/vm/vm.go:16.16,17.40 1 1
github.com/madelyne-io/madelyne/matcher/vm/vm.go:17.40,19.4 1 1
github.com/madelyne-io/madelyne/matcher/vm/vm.go:22.39,24.3 1 1
github.com/madelyne-io/madelyne/matcher/functions.go:33.72,35.9 2 1
github.com/madelyne-io/madelyne/matcher/functions.go:38.2,38.20 1 1
github.com/madelyne-io/madelyne/matcher/functions.go:41.2,42.9 2 1
github.com/madelyne-io/madelyne/matcher/functions.go:45.2,45.37 1 1
github.com/madelyne-io/madelyne/matcher/functions.go:48.2,48.41 1 1
github.com/madelyne-io/madelyne/matcher/functions.go:52.2,52.12 1 1
github.com/madelyne-io/madelyne/matcher/functions.go:35.9,37.3 1 0
github.com/madelyne-io/madelyne/matcher/functions.go:38.20,40.3 1 0
github.com/madelyne-io/madelyne/matcher/functions.go:42.9,44.3 1 0
github.com/madelyne-io/madelyne/matcher/functions.go:45.37,47.3 1 0
github.com/madelyne-io/madelyne/matcher/functions.go:48.41,51.3 1 1
github.com/madelyne-io/madelyne/matcher/functions.go:55.70,57.9 2 1
github.com/madelyne-io/madelyne/matcher/functions.go:60.2,60.20 1 1
github.com/madelyne-io/madelyne/matcher/functions.go:63.2,64.9 2 1
github.com/madelyne-io/madelyne/matcher/functions.go:67.2,67.35 1 1
github.com/madelyne-io/madelyne/matcher/functions.go:70.2,70.56 1 1
github.com/madelyne-io/madelyne/matcher/functions.go:74.2,74.12 1 1
github.com/madelyne-io/madelyne/matcher/functions.go:57.9,59.3 1 0
github.com/madelyne-io/madelyne/matcher/functions.go:60.20,62.3 1 0
github.com/madelyne-io/madelyne/matcher/functions.go:64.9,66.3 1 0
github.com/madelyne-io/madelyne/matcher/functions.go:67.35,69.3 1 0
github.com/madelyne-io/madelyne/matcher/functions.go:70.56,73.3 1 1
github.com/madelyne-io/madelyne/matcher/functions.go:77.70,79.9 2 1
github.com/madelyne-io/madelyne/matcher/functions.go:82.2,82.20 1 1
github.com/madelyne-io/madelyne/matcher/functions.go:85.2,86.9 2 1
github.com/madelyne-io/madelyne/matcher/functions.go:89.2,89.35 1 1
github.com/madelyne-io/madelyne/matcher/functions.go:92.2,92.43 1 1
github.com/madelyne-io/madelyne/matcher/functions.go:96.2,96.12 1 1
github.com/madelyne-io/madelyne/matcher/functions.go:79.9,81.3 1 0
github.com/madelyne-io/madelyne/matcher/functions.go:82.20,84.3 1 0
github.com/madelyne-io/madelyne/matcher/functions.go:86.9,88.3 1 0
github.com/madelyne-io/madelyne/matcher/functions.go:89.35,91.3 1 0
github.com/madelyne-io/madelyne/matcher/functions.go:92.43,95.3 1 1
github.com/madelyne-io/madelyne/matcher/functions.go:99.73,101.9 2 1
github.com/madelyne-io/madelyne/matcher/functions.go:104.2,104.20 1 1
github.com/madelyne-io/madelyne/matcher/functions.go:107.2,108.9 2 1
github.com/madelyne-io/madelyne/matcher/functions.go:111.2,111.35 1 1
github.com/madelyne-io/madelyne/matcher/functions.go:114.2,114.42 1 1
github.com/madelyne-io/madelyne/matcher/functions.go:118.2,118.12 1 1
github.com/madelyne-io/madelyne/matcher/functions.go:101.9,103.3 1 0
github.com/madelyne-io/madelyne/matcher/functions.go:104.20,106.3 1 0
github.com/madelyne-io/madelyne/matcher/functions.go:108.9,110.3 1 0
github.com/madelyne-io/madelyne/matcher/functions.go:111.35,113.3 1 0
github.com/madelyne-io/madelyne/matcher/functions.go:114.42,117.3 1 1
github.com/madelyne-io/madelyne/matcher/functions.go:121.67,123.9 2 1
github.com/madelyne-io/madelyne/matcher/functions.go:126.2,126.20 1 1
github.com/madelyne-io/madelyne/matcher/functions.go:129.2,130.16 2 1
github.com/madelyne-io/madelyne/matcher/functions.go:133.2,133.12 1 1
github.com/madelyne-io/madelyne/matcher/functions.go:123.9,125.3 1 0
github.com/madelyne-io/madelyne/matcher/functions.go:126.20,128.3 1 0
github.com/madelyne-io/madelyne/matcher/functions.go:130.16,132.3 1 1
github.com/madelyne-io/madelyne/matcher/functions.go:136.72,138.9 2 1
github.com/madelyne-io/madelyne/matcher/functions.go:141.2,141.20 1 1
github.com/madelyne-io/madelyne/matcher/functions.go:144.2,145.16 2 1
github.com/madelyne-io/madelyne/matcher/functions.go:148.2,148.12 1 1
github.com/madelyne-io/madelyne/matcher/functions.go:138.9,140.3 1 0
github.com/madelyne-io/madelyne/matcher/functions.go:141.20,143.3 1 0
github.com/madelyne-io/madelyne/matcher/functions.go:145.16,147.3 1 1
github.com/madelyne-io/madelyne/matcher/functions.go:153.69,155.9 2 1
github.com/madelyne-io/madelyne/matcher/functions.go:158.2,158.20 1 1
github.com/madelyne-io/madelyne/matcher/functions.go:161.2,161.47 1 1
github.com/madelyne-io/madelyne/matcher/functions.go:164.2,164.12 1 1
github.com/madelyne-io/madelyne/matcher/functions.go:155.9,157.3 1 0
github.com/madelyne-io/madelyne/matcher/functions.go:158.20,160.3 1 0
github.com/madelyne-io/madelyne/matcher/functions.go:161.47,163.3 1 1
github.com/madelyne-io/madelyne/matcher/functions.go:167.69,169.9 2 1
github.com/madelyne-io/madelyne/matcher/functions.go:172.2,172.20 1 1
github.com/madelyne-io/madelyne/matcher/functions.go:175.2,175.29 1 1
github.com/madelyne-io/madelyne/matcher/functions.go:178.2,178.12 1 1
github.com/madelyne-io/madelyne/matcher/functions.go:169.9,171.3 1 0
github.com/madelyne-io/madelyne/matcher/functions.go:172.20,174.3 1 0
github.com/madelyne-io/madelyne/matcher/functions.go:175.29,177.3 1 1
github.com/madelyne-io/madelyne/matcher/functions.go:181.72,183.9 2 1
github.com/madelyne-io/madelyne/matcher/functions.go:186.2,186.20 1 1
github.com/madelyne-io/madelyne/matcher/functions.go:189.2,189.29 1 1
github.com/madelyne-io/madelyne/matcher/functions.go:192.2,192.12 1 1
github.com/madelyne-io/madelyne/matcher/functions.go:183.9,185.3 1 0
github.com/madelyne-io/madelyne/matcher/functions.go:186.20,188.3 1 0
github.com/madelyne-io/madelyne/matcher/functions.go:189.29,191.3 1 1
github.com/madelyne-io/madelyne/matcher/functions.go:195.72,197.9 2 1
github.com/madelyne-io/madelyne/matcher/functions.go:200.2,200.20 1 1
github.com/madelyne-io/madelyne/matcher/functions.go:203.2,204.9 2 1
github.com/madelyne-io/madelyne/matcher/functions.go:207.2,208.16 2 1
github.com/madelyne-io/madelyne/matcher/functions.go:211.2,211.46 1 1
github.com/madelyne-io/madelyne/matcher/functions.go:214.2,214.12 1 1
github.com/madelyne-io/madelyne/matcher/functions.go:197.9,199.3 1 0
github.com/madelyne-io/madelyne/matcher/functions.go:200.20,202.3 1 0
github.com/madelyne-io/madelyne/matcher/functions.go:204.9,206.3 1 0
github.com/madelyne-io/madelyne/matcher/functions.go:208.16,210.3 1 0
github.com/madelyne-io/madelyne/matcher/functions.go:211.46,213.3 1 0
github.com/madelyne-io/madelyne/matcher/functions.go:217.60,218.25 1 1
github.com/madelyne-io/madelyne/matcher/functions.go:227.2,227.17 1 1
github.com/madelyne-io/madelyne/matcher/functions.go:218.25,219.15 1 1
github.com/madelyne-io/madelyne/matcher/functions.go:222.3,223.10 2 1
github.com/madelyne-io/madelyne/matcher/functions.go:219.15,221.4 1 1
github.com/madelyne-io/madelyne/matcher/functions.go:223.10,225.4 1 0
github.com/madelyne-io/madelyne/matcher/functions.go:230.73,232.9 2 1
github.com/madelyne-io/madelyne/matcher/functions.go:235.2,235.20 1 1
github.com/madelyne-io/madelyne/matcher/functions.go:238.2,239.9 2 1
github.com/madelyne-io/madelyne/matcher/functions.go:243.2,244.16 2 1
github.com/madelyne-io/madelyne/matcher/functions.go:248.2,248.30 1 1
github.com/madelyne-io/madelyne/matcher/functions.go:251.2,251.12 1 1
github.com/madelyne-io/madelyne/matcher/functions.go:232.9,234.3 1 0
github.com/madelyne-io/madelyne/matcher/functions.go:235.20,237.3 1 0
github.com/madelyne-io/madelyne/matcher/functions.go:239.9,241.3 1 0
github.com/madelyne-io/madelyne/matcher/functions.go:244.16,246.3 1 0
github.com/madelyne-io/madelyne/matcher/functions.go:248.30,250.3 1 1
github.com/madelyne-io/madelyne/matcher/functions.go:254.71,256.9 2 1
github.com/madelyne-io/madelyne/matcher/functions.go:259.2,259.20 1 1
github.com/madelyne-io/madelyne/matcher/functions.go:262.2,263.9 2 1
github.com/madelyne-io/madelyne/matcher/functions.go:267.2,268.16 2 1
github.com/madelyne-io/madelyne/matcher/functions.go:272.2,272.30 1 1
github.com/madelyne-io/madelyne/matcher/functions.go:275.2,275.12 1 1
github.com/madelyne-io/madelyne/matcher/functions.go:256.9,258.3 1 0
github.com/madelyne-io/madelyne/matcher/functions.go:259.20,261.3 1 0
github.com/madelyne-io/madelyne/matcher/functions.go:263.9,265.3 1 0
github.com/madelyne-io/madelyne/matcher/functions.go:268.16,270.3 1 0
github.com/madelyne-io/madelyne/matcher/functions.go:272.30,274.3 1 1
github.com/madelyne-io/madelyne/matcher/matcher.go:23.59,25.9 2 1
github.com/madelyne-io/madelyne/matcher/matcher.go:28.2,28.45 1 1
github.com/madelyne-io/madelyne/matcher/matcher.go:25.9,27.3 1 1
github.com/madelyne-io/madelyne/matcher/matcher.go:31.64,32.23 1 1
github.com/madelyne-io/madelyne/matcher/matcher.go:35.2,35.24 1 1
github.com/madelyne-io/madelyne/matcher/matcher.go:32.23,34.3 1 1
github.com/madelyne-io/madelyne/matcher/matcher.go:38.59,40.23 2 1
github.com/madelyne-io/madelyne/matcher/matcher.go:44.2,46.21 2 1
github.com/madelyne-io/madelyne/matcher/matcher.go:56.2,56.61 1 1
github.com/madelyne-io/madelyne/matcher/matcher.go:40.23,42.3 1 1
github.com/madelyne-io/madelyne/matcher/matcher.go:47.16,48.37 1 1
github.com/madelyne-io/madelyne/matcher/matcher.go:49.37,50.37 1 1
github.com/madelyne-io/madelyne/matcher/matcher.go:51.17,52.26 1 1
github.com/madelyne-io/madelyne/matcher/matcher.go:53.14,54.26 1 1
github.com/madelyne-io/madelyne/matcher/matcher.go:59.59,61.9 2 1
github.com/madelyne-io/madelyne/matcher/matcher.go:64.2,64.23 1 1
github.com/madelyne-io/madelyne/matcher/matcher.go:67.2,80.16 2 1
github.com/madelyne-io/madelyne/matcher/matcher.go:83.2,83.21 1 1
github.com/madelyne-io/madelyne/matcher/matcher.go:61.9,63.3 1 0
github.com/madelyne-io/madelyne/matcher/matcher.go:64.23,66.3 1 1
github.com/madelyne-io/madelyne/matcher/matcher.go:80.16,82.3 1 0
github.com/madelyne-io/madelyne/matcher/matcher.go:86.59,88.9 2 1
github.com/madelyne-io/madelyne/matcher/matcher.go:91.2,91.23 1 1
github.com/madelyne-io/madelyne/matcher/matcher.go:94.2,99.16 2 1
github.com/madelyne-io/madelyne/matcher/matcher.go:102.2,102.21 1 1
github.com/madelyne-io/madelyne/matcher/matcher.go:88.9,90.3 1 1
github.com/madelyne-io/madelyne/matcher/matcher.go:91.23,93.3 1 1
github.com/madelyne-io/madelyne/matcher/matcher.go:99.16,101.3 1 0
github.com/madelyne-io/madelyne/matcher/matcher.go:105.41,107.9 2 1
github.com/madelyne-io/madelyne/matcher/matcher.go:110.2,110.12 1 1
github.com/madelyne-io/madelyne/matcher/matcher.go:107.9,109.3 1 0
github.com/madelyne-io/madelyne/matcher/matcher.go:113.41,115.9 2 1
github.com/madelyne-io/madelyne/matcher/matcher.go:118.2,119.44 2 1
github.com/madelyne-io/madelyne/matcher/matcher.go:122.2,122.12 1 1
github.com/madelyne-io/madelyne/matcher/matcher.go:115.9,117.3 1 1
github.com/madelyne-io/madelyne/matcher/matcher.go:119.44,121.3 1 1
github.com/madelyne-io/madelyne/matcher/vm/ast/ast.go:21.42,21.61 1 1
github.com/madelyne-io/madelyne/matcher/vm/ast/ast.go:22.49,24.2 1 1
github.com/madelyne-io/madelyne/matcher/vm/ast/ast.go:31.45,31.67 1 1
github.com/madelyne-io/madelyne/matcher/vm/ast/ast.go:32.52,35.33 3 1
github.com/madelyne-io/madelyne/matcher/vm/ast/ast.go:38.2,38.21 1 1
github.com/madelyne-io/madelyne/matcher/vm/ast/ast.go:35.33,37.3 1 1
github.com/madelyne-io/madelyne/matcher/vm/interpreter/interpreter.go:17.124,22.2 1 1
github.com/madelyne-io/madelyne/matcher/vm/interpreter/interpreter.go:24.82,26.9 2 1
github.com/madelyne-io/madelyne/matcher/vm/interpreter/interpreter.go:29.2,31.33 2 1
github.com/madelyne-io/madelyne/matcher/vm/interpreter/interpreter.go:40.2,40.24 1 1
github.com/madelyne-io/madelyne/matcher/vm/interpreter/interpreter.go:26.9,28.3 1 1
github.com/madelyne-io/madelyne/matcher/vm/interpreter/interpreter.go:31.33,32.19 1 1
github.com/madelyne-io/madelyne/matcher/vm/interpreter/interpreter.go:33.23,34.42 1 1
github.com/madelyne-io/madelyne/matcher/vm/interpreter/interpreter.go:35.26,37.28 2 1
github.com/madelyne-io/madelyne/matcher/vm/interpreter/interpreter.go:43.52,44.27 1 1
github.com/madelyne-io/madelyne/matcher/vm/interpreter/interpreter.go:50.2,50.12 1 1
github.com/madelyne-io/madelyne/matcher/vm/interpreter/interpreter.go:44.27,46.17 2 1
github.com/madelyne-io/madelyne/matcher/vm/interpreter/interpreter.go:46.17,48.4 1 1
github.com/madelyne-io/madelyne/matcher/vm/lexer/lexer.go:14.32,23.2 3 1
github.com/madelyne-io/madelyne/matcher/vm/lexer/lexer.go:25.48,26.29 1 1
github.com/madelyne-io/madelyne/matcher/vm/lexer/lexer.go:29.2,34.18 2 1
github.com/madelyne-io/madelyne/matcher/vm/lexer/lexer.go:72.2,72.12 1 1
github.com/madelyne-io/madelyne/matcher/vm/lexer/lexer.go:26.29,28.3 1 1
github.com/madelyne-io/madelyne/matcher/vm/lexer/lexer.go:35.11,37.19 2 1
github.com/madelyne-io/madelyne/matcher/vm/lexer/lexer.go:38.11,40.19 2 1
github.com/madelyne-io/madelyne/matcher/vm/lexer/lexer.go:41.11,43.19 2 1
github.com/madelyne-io/madelyne/matcher/vm/lexer/lexer.go:44.11,46.19 2 1
github.com/madelyne-io/madelyne/matcher/vm/lexer/lexer.go:47.9,50.19 3 1
github.com/madelyne-io/madelyne/matcher/vm/lexer/lexer.go:51.12,54.35 3 1
github.com/madelyne-io/madelyne/matcher/vm/lexer/lexer.go:55.10,56.10 1 1
github.com/madelyne-io/madelyne/matcher/vm/lexer/lexer.go:57.27,59.40 2 1
github.com/madelyne-io/madelyne/matcher/vm/lexer/lexer.go:60.26,62.27 2 1
github.com/madelyne-io/madelyne/matcher/vm/lexer/lexer.go:63.28,65.27 2 1
github.com/madelyne-io/madelyne/matcher/vm/lexer/lexer.go:66.11,68.20 2 1
github.com/madelyne-io/madelyne/matcher/vm/lexer/lexer.go:75.32,78.36 2 1
github.com/madelyne-io/madelyne/matcher/vm/lexer/lexer.go:82.2,83.17 2 1
github.com/madelyne-io/madelyne/matcher/vm/lexer/lexer.go:78.36,80.3 1 1
github.com/madelyne-io/madelyne/matcher/vm/lexer/lexer.go:86.29,88.2 1 1
github.com/madelyne-io/madelyne/matcher/vm/lexer/lexer.go:90.45,92.25 2 1
github.com/madelyne-io/madelyne/matcher/vm/lexer/lexer.go:95.2,95.42 1 1
github.com/madelyne-io/madelyne/matcher/vm/lexer/lexer.go:92.25,94.3 1 1
github.com/madelyne-io/madelyne/matcher/vm/lexer/lexer.go:98.30,100.2 1 1
github.com/madelyne-io/madelyne/matcher/vm/lexer/lexer.go:102.26,104.2 1 1
github.com/madelyne-io/madelyne/matcher/vm/lexer/lexer.go:106.28,108.2 1 1
github.com/madelyne-io/madelyne/matcher/vm/lexer/lexer.go:110.42,112.23 2 1
github.com/madelyne-io/madelyne/matcher/vm/lexer/lexer.go:115.2,115.26 1 1
github.com/madelyne-io/madelyne/matcher/vm/lexer/lexer.go:119.2,119.21 1 1
github.com/madelyne-io/madelyne/matcher/vm/lexer/lexer.go:125.2,125.42 1 1
github.com/madelyne-io/madelyne/matcher/vm/lexer/lexer.go:112.23,114.3 1 1
github.com/madelyne-io/madelyne/matcher/vm/lexer/lexer.go:115.26,117.3 1 1
github.com/madelyne-io/madelyne/matcher/vm/lexer/lexer.go:119.21,121.27 2 1
github.com/madelyne-io/madelyne/matcher/vm/lexer/lexer.go:121.27,123.4 1 1
github.com/madelyne-io/madelyne/matcher/vm/lexer/lexer.go:128.33,130.2 1 1
github.com/madelyne-io/madelyne/matcher/vm/lexer/lexer.go:132.41,134.40 2 1
github.com/madelyne-io/madelyne/matcher/vm/lexer/lexer.go:137.2,138.42 2 1
github.com/madelyne-io/madelyne/matcher/vm/lexer/lexer.go:134.40,136.3 1 1
github.com/madelyne-io/madelyne/matcher/vm/parser/parser.go:21.38,32.2 4 1
github.com/madelyne-io/madelyne/matcher/vm/parser/parser.go:34.41,37.2 2 1
github.com/madelyne-io/madelyne/matcher/vm/parser/parser.go:39.72,40.29 1 1
github.com/madelyne-io/madelyne/matcher/vm/parser/parser.go:43.2,44.12 2 1
github.com/madelyne-io/madelyne/matcher/vm/parser/parser.go:40.29,42.3 1 1
github.com/madelyne-io/madelyne/matcher/vm/parser/parser.go:47.63,49.2 1 1
github.com/madelyne-io/madelyne/matcher/vm/parser/parser.go:51.60,53.2 1 1
github.com/madelyne-io/madelyne/matcher/vm/parser/parser.go:55.60,57.39 2 1
github.com/madelyne-io/madelyne/matcher/vm/parser/parser.go:74.2,74.21 1 1
github.com/madelyne-io/madelyne/matcher/vm/parser/parser.go:57.39,58.43 1 1
github.com/madelyne-io/madelyne/matcher/vm/parser/parser.go:61.3,61.41 1 1
github.com/madelyne-io/madelyne/matcher/vm/parser/parser.go:64.3,66.17 3 1
github.com/madelyne-io/madelyne/matcher/vm/parser/parser.go:69.3,69.16 1 1
github.com/madelyne-io/madelyne/matcher/vm/parser/parser.go:72.3,72.27 1 1
github.com/madelyne-io/madelyne/matcher/vm/parser/parser.go:58.43,60.4 1 1
github.com/madelyne-io/madelyne/matcher/vm/parser/parser.go:61.41,63.4 1 1
github.com/madelyne-io/madelyne/matcher/vm/parser/parser.go:66.17,68.4 1 1
github.com/madelyne-io/madelyne/matcher/vm/parser/parser.go:69.16,71.4 1 1
github.com/madelyne-io/madelyne/matcher/vm/parser/parser.go:77.66,78.47 1 1
github.com/madelyne-io/madelyne/matcher/vm/parser/parser.go:82.2,85.79 2 1
github.com/madelyne-io/madelyne/matcher/vm/parser/parser.go:89.2,89.50 1 1
github.com/madelyne-io/madelyne/matcher/vm/parser/parser.go:126.2,127.16 2 1
github.com/madelyne-io/madelyne/matcher/vm/parser/parser.go:78.47,80.3 1 1
github.com/madelyne-io/madelyne/matcher/vm/parser/parser.go:85.79,87.3 1 1
github.com/madelyne-io/madelyne/matcher/vm/parser/parser.go:89.50,90.27 1 1
github.com/madelyne-io/madelyne/matcher/vm/parser/parser.go:117.3,117.27 1 1
github.com/madelyne-io/madelyne/matcher/vm/parser/parser.go:91.25,92.4 1 1
github.com/madelyne-io/madelyne/matcher/vm/parser/parser.go:100.21,101.4 1 1
github.com/madelyne-io/madelyne/matcher/vm/parser/parser.go:106.21,107.4 1 1
github.com/madelyne-io/madelyne/matcher/vm/parser/parser.go:112.11,114.81 1 1
github.com/madelyne-io/madelyne/matcher/vm/parser/parser.go:92.4,95.19 3 1
github.com/madelyne-io/madelyne/matcher/vm/parser/parser.go:98.5,98.43 1 1
github.com/madelyne-io/madelyne/matcher/vm/parser/parser.go:95.19,97.6 1 1
github.com/madelyne-io/madelyne/matcher/vm/parser/parser.go:101.4,105.5 3 1
github.com/madelyne-io/madelyne/matcher/vm/parser/parser.go:107.4,111.5 3 1
github.com/madelyne-io/madelyne/matcher/vm/parser/parser.go:118.20,119.28 1 1
github.com/madelyne-io/madelyne/matcher/vm/parser/parser.go:120.32,120.32 0 1
github.com/madelyne-io/madelyne/matcher/vm/parser/parser.go:121.11,123.73 1 1
github.com/madelyne-io/madelyne/tester/scenariotester/scenariotester.go:18.61,23.2 1 1
github.com/madelyne-io/madelyne/tester/scenariotester/scenariotester.go:25.50,27.2 1 1
github.com/madelyne-io/madelyne/tester/scenariotester/scenariotester.go:29.73,31.25 1 1
github.com/madelyne-io/madelyne/tester/scenariotester/scenariotester.go:44.2,44.12 1 1
github.com/madelyne-io/madelyne/tester/scenariotester/scenariotester.go:31.25,33.35 2 1
github.com/madelyne-io/madelyne/tester/scenariotester/scenariotester.go:36.3,37.17 2 1
github.com/madelyne-io/madelyne/tester/scenariotester/scenariotester.go:40.3,40.38 1 1
github.com/madelyne-io/madelyne/tester/scenariotester/scenariotester.go:33.35,35.4 1 1
github.com/madelyne-io/madelyne/tester/scenariotester/scenariotester.go:37.17,39.4 1 1
github.com/madelyne-io/madelyne/tester/scenariotester/scenariotester.go:40.38,42.4 1 1
github.com/madelyne-io/madelyne/tester/suitetester/suitetester.go:22.87,24.16 2 1
github.com/madelyne-io/madelyne/tester/suitetester/suitetester.go:28.2,29.16 2 1
github.com/madelyne-io/madelyne/tester/suitetester/suitetester.go:33.2,35.12 3 1
github.com/madelyne-io/madelyne/tester/suitetester/suitetester.go:24.16,27.3 2 0
github.com/madelyne-io/madelyne/tester/suitetester/suitetester.go:29.16,32.3 2 1
github.com/madelyne-io/madelyne/tester/suitetester/suitetester.go:38.80,39.31 1 1
github.com/madelyne-io/madelyne/tester/suitetester/suitetester.go:51.2,51.12 1 1
github.com/madelyne-io/madelyne/tester/suitetester/suitetester.go:39.31,40.88 1 1
github.com/madelyne-io/madelyne/tester/suitetester/suitetester.go:47.3,47.17 1 1
github.com/madelyne-io/madelyne/tester/suitetester/suitetester.go:40.88,42.18 2 1
github.com/madelyne-io/madelyne/tester/suitetester/suitetester.go:45.4,45.36 1 1
github.com/madelyne-io/madelyne/tester/suitetester/suitetester.go:42.18,44.5 1 1
github.com/madelyne-io/madelyne/tester/suitetester/suitetester.go:47.17,49.4 1 1
github.com/madelyne-io/madelyne/tester/suitetester/suitetester.go:54.76,55.37 1 1
github.com/madelyne-io/madelyne/tester/suitetester/suitetester.go:63.2,63.12 1 1
github.com/madelyne-io/madelyne/tester/suitetester/suitetester.go:55.37,56.76 1 1
github.com/madelyne-io/madelyne/tester/suitetester/suitetester.go:59.3,59.17 1 1
github.com/madelyne-io/madelyne/tester/suitetester/suitetester.go:56.76,58.4 1 1
github.com/madelyne-io/madelyne/tester/suitetester/suitetester.go:59.17,61.4 1 1
github.com/madelyne-io/madelyne/tester/suitetester/suitetester.go:66.76,67.43 1 1
github.com/madelyne-io/madelyne/tester/suitetester/suitetester.go:75.2,75.12 1 1
github.com/madelyne-io/madelyne/tester/suitetester/suitetester.go:67.43,68.76 1 1
github.com/madelyne-io/madelyne/tester/suitetester/suitetester.go:71.3,71.17 1 1
github.com/madelyne-io/madelyne/tester/suitetester/suitetester.go:68.76,70.4 1 1
github.com/madelyne-io/madelyne/tester/suitetester/suitetester.go:71.17,73.4 1 1
github.com/madelyne-io/madelyne/tester/tester.go:20.45,22.16 2 0
github.com/madelyne-io/madelyne/tester/tester.go:25.2,29.27 2 0
github.com/madelyne-io/madelyne/tester/tester.go:22.16,24.3 1 0
github.com/madelyne-io/madelyne/tester/tester.go:29.27,29.46 1 0
github.com/madelyne-io/madelyne/tester/tester.go:30.44,32.5 1 0
github.com/madelyne-io/madelyne/tester/tester.go:33.92,38.27 2 0
github.com/madelyne-io/madelyne/tester/tester.go:41.5,41.14 1 0
github.com/madelyne-io/madelyne/tester/tester.go:38.27,40.6 1 0
github.com/madelyne-io/madelyne/tester/tester.go:43.100,44.63 1 0
github.com/madelyne-io/madelyne/tester/tester.go:50.5,50.27 1 0
github.com/madelyne-io/madelyne/tester/tester.go:53.5,53.14 1 0
github.com/madelyne-io/madelyne/tester/tester.go:44.63,49.6 1 0
github.com/madelyne-io/madelyne/tester/tester.go:50.27,52.6 1 0
github.com/madelyne-io/madelyne/tester/tester.go:59.30,61.2 1 0
github.com/madelyne-io/madelyne/tester/tester.go:63.63,65.27 2 0
github.com/madelyne-io/madelyne/tester/tester.go:69.2,69.14 1 0
github.com/madelyne-io/madelyne/tester/tester.go:65.27,68.3 2 0
github.com/madelyne-io/madelyne/tester/testerclient/client.go:31.33,36.2 1 0
github.com/madelyne-io/madelyne/tester/testerclient/client.go:38.51,40.16 2 0
github.com/madelyne-io/madelyne/tester/testerclient/client.go:44.2,44.36 1 0
github.com/madelyne-io/madelyne/tester/testerclient/client.go:48.2,49.16 2 0
github.com/madelyne-io/madelyne/tester/testerclient/client.go:53.2,58.8 1 0
github.com/madelyne-io/madelyne/tester/testerclient/client.go:40.16,42.3 1 0
github.com/madelyne-io/madelyne/tester/testerclient/client.go:44.36,46.3 1 0
github.com/madelyne-io/madelyne/tester/testerclient/client.go:49.16,51.3 1 0
github.com/madelyne-io/madelyne/tester/testerclient/client.go:61.78,67.2 1 0
github.com/madelyne-io/madelyne/tester/testerclient/client.go:69.95,76.2 1 0
github.com/madelyne-io/madelyne/tester/testerclient/client.go:78.94,85.2 1 0
github.com/madelyne-io/madelyne/tester/testerclient/client.go:87.96,94.2 1 0
github.com/madelyne-io/madelyne/tester/testerclient/client.go:96.81,102.2 1 0
github.com/madelyne-io/madelyne/tester/testercommand/command.go:8.32,13.2 4 1
github.com/madelyne-io/madelyne/tester/testerconfig/config.go:45.25,47.56 1 1
github.com/madelyne-io/madelyne/tester/testerconfig/config.go:47.56,49.4 1 0
github.com/madelyne-io/madelyne/tester/testerconfig/config.go:67.66,70.16 3 1
github.com/madelyne-io/madelyne/tester/testerconfig/config.go:73.2,74.26 2 1
github.com/madelyne-io/madelyne/tester/testerconfig/config.go:70.16,72.3 1 0
github.com/madelyne-io/madelyne/tester/testerconfig/config.go:77.62,79.16 2 1
github.com/madelyne-io/madelyne/tester/testerconfig/config.go:82.2,84.16 3 1
github.com/madelyne-io/madelyne/tester/testerconfig/config.go:88.2,92.30 2 1
github.com/madelyne-io/madelyne/tester/testerconfig/config.go:112.2,112.20 1 1
github.com/madelyne-io/madelyne/tester/testerconfig/config.go:79.16,81.3 1 0
github.com/madelyne-io/madelyne/tester/testerconfig/config.go:84.16,86.3 1 0
github.com/madelyne-io/madelyne/tester/testerconfig/config.go:92.30,94.17 2 1
github.com/madelyne-io/madelyne/tester/testerconfig/config.go:97.3,98.17 2 1
github.com/madelyne-io/madelyne/tester/testerconfig/config.go:101.3,110.4 1 1
github.com/madelyne-io/madelyne/tester/testerconfig/config.go:94.17,96.4 1 0
github.com/madelyne-io/madelyne/tester/testerconfig/config.go:98.17,100.4 1 0
github.com/madelyne-io/madelyne/tester/testerconfig/config.go:115.94,116.24 1 1
github.com/madelyne-io/madelyne/tester/testerconfig/config.go:119.2,120.16 2 1
github.com/madelyne-io/madelyne/tester/testerconfig/config.go:123.2,125.16 3 1
github.com/madelyne-io/madelyne/tester/testerconfig/config.go:128.2,128.17 1 1
github.com/madelyne-io/madelyne/tester/testerconfig/config.go:116.24,118.3 1 1
github.com/madelyne-io/madelyne/tester/testerconfig/config.go:120.16,122.3 1 0
github.com/madelyne-io/madelyne/tester/testerconfig/config.go:125.16,127.3 1 0
github.com/madelyne-io/madelyne/tester/testerconfig/config.go:142.56,145.16 2 1
github.com/madelyne-io/madelyne/tester/testerconfig/config.go:148.2,157.24 2 1
github.com/madelyne-io/madelyne/tester/testerconfig/config.go:160.2,160.25 1 1
github.com/madelyne-io/madelyne/tester/testerconfig/config.go:163.2,163.21 1 1
github.com/madelyne-io/madelyne/tester/testerconfig/config.go:167.2,167.17 1 1
github.com/madelyne-io/madelyne/tester/testerconfig/config.go:145.16,147.3 1 0
github.com/madelyne-io/madelyne/tester/testerconfig/config.go:157.24,159.3 1 1
github.com/madelyne-io/madelyne/tester/testerconfig/config.go:160.25,162.3 1 1
github.com/madelyne-io/madelyne/tester/testerconfig/config.go:163.21,165.3 1 1
github.com/madelyne-io/madelyne/tester/testerconfig/config.go:170.61,174.31 3 1
github.com/madelyne-io/madelyne/tester/testerconfig/config.go:184.2,184.17 1 1
github.com/madelyne-io/madelyne/tester/testerconfig/config.go:174.31,175.18 1 1
github.com/madelyne-io/madelyne/tester/testerconfig/config.go:178.3,179.21 2 1
github.com/madelyne-io/madelyne/tester/testerconfig/config.go:182.3,182.63 1 1
github.com/madelyne-io/madelyne/tester/testerconfig/config.go:175.18,176.12 1 1
github.com/madelyne-io/madelyne/tester/testerconfig/config.go:179.21,181.4 1 0
github.com/madelyne-io/madelyne/tester/testerconfig/config.go:192.111,193.25 1 1
github.com/madelyne-io/madelyne/tester/testerconfig/config.go:196.2,199.37 3 1
github.com/madelyne-io/madelyne/tester/testerconfig/config.go:280.2,280.28 1 1
github.com/madelyne-io/madelyne/tester/testerconfig/config.go:193.25,195.3 1 1
github.com/madelyne-io/madelyne/tester/testerconfig/config.go:199.37,201.17 2 1
github.com/madelyne-io/madelyne/tester/testerconfig/config.go:204.3,206.17 3 1
github.com/madelyne-io/madelyne/tester/testerconfig/config.go:210.3,211.34 2 1
github.com/madelyne-io/madelyne/tester/testerconfig/config.go:247.3,247.45 1 1
github.com/madelyne-io/madelyne/tester/testerconfig/config.go:201.17,203.4 1 0
github.com/madelyne-io/madelyne/tester/testerconfig/config.go:206.17,208.4 1 0
github.com/madelyne-io/madelyne/tester/testerconfig/config.go:211.34,213.11 2 1
github.com/madelyne-io/madelyne/tester/testerconfig/config.go:216.4,216.28 1 1
github.com/madelyne-io/madelyne/tester/testerconfig/config.go:213.11,214.13 1 1
github.com/madelyne-io/madelyne/tester/testerconfig/config.go:216.28,219.19 3 1
github.com/madelyne-io/madelyne/tester/testerconfig/config.go:222.5,222.22 1 1
github.com/madelyne-io/madelyne/tester/testerconfig/config.go:233.5,233.23 1 1
github.com/madelyne-io/madelyne/tester/testerconfig/config.go:244.5,244.25 1 1
github.com/madelyne-io/madelyne/tester/testerconfig/config.go:219.19,221.6 1 0
github.com/madelyne-io/madelyne/tester/testerconfig/config.go:222.22,224.38 2 1
github.com/madelyne-io/madelyne/tester/testerconfig/config.go:227.6,228.20 2 1
github.com/madelyne-io/madelyne/tester/testerconfig/config.go:231.6,231.15 1 1
github.com/madelyne-io/madelyne/tester/testerconfig/config.go:224.38,226.7 1 1
github.com/madelyne-io/madelyne/tester/testerconfig/config.go:228.20,230.7 1 0
github.com/madelyne-io/madelyne/tester/testerconfig/config.go:233.23,235.39 2 1
github.com/madelyne-io/madelyne/tester/testerconfig/config.go:238.6,239.20 2 1
github.com/madelyne-io/madelyne/tester/testerconfig/config.go:242.6,242.17 1 1
github.com/madelyne-io/madelyne/tester/testerconfig/config.go:235.39,237.7 1 1
github.com/madelyne-io/madelyne/tester/testerconfig/config.go:239.20,241.7 1 0
github.com/madelyne-io/madelyne/tester/testerconfig/config.go:247.45,248.28 1 1
github.com/madelyne-io/madelyne/tester/testerconfig/config.go:248.28,250.19 2 1
github.com/madelyne-io/madelyne/tester/testerconfig/config.go:253.5,253.22 1 1
github.com/madelyne-io/madelyne/tester/testerconfig/config.go:264.5,264.23 1 1
github.com/madelyne-io/madelyne/tester/testerconfig/config.go:275.5,275.75 1 1
github.com/madelyne-io/madelyne/tester/testerconfig/config.go:250.19,252.6 1 0
github.com/madelyne-io/madelyne/tester/testerconfig/config.go:253.22,255.38 2 1
github.com/madelyne-io/madelyne/tester/testerconfig/config.go:258.6,259.20 2 1
github.com/madelyne-io/madelyne/tester/testerconfig/config.go:262.6,262.15 1 1
github.com/madelyne-io/madelyne/tester/testerconfig/config.go:255.38,257.7 1 0
github.com/madelyne-io/madelyne/tester/testerconfig/config.go:259.20,261.7 1 0
github.com/madelyne-io/madelyne/tester/testerconfig/config.go:264.23,266.39 2 0
github.com/madelyne-io/madelyne/tester/testerconfig/config.go:269.6,270.20 2 0
github.com/madelyne-io/madelyne/tester/testerconfig/config.go:273.6,273.17 1 0
github.com/madelyne-io/madelyne/tester/testerconfig/config.go:266.39,268.7 1 0
github.com/madelyne-io/madelyne/tester/testerconfig/config.go:270.20,272.7 1 0
github.com/madelyne-io/madelyne/tester/testerprogress/progress.go:19.53,20.16 1 1
github.com/madelyne-io/madelyne/tester/testerprogress/progress.go:23.2,28.3 1 1
github.com/madelyne-io/madelyne/tester/testerprogress/progress.go:20.16,22.3 1 0
github.com/madelyne-io/madelyne/tester/testerprogress/progress.go:31.34,32.28 1 1
github.com/madelyne-io/madelyne/tester/testerprogress/progress.go:36.2,41.28 5 1
github.com/madelyne-io/madelyne/tester/testerprogress/progress.go:32.28,34.3 1 1
github.com/madelyne-io/madelyne/tester/testerprogress/progress.go:41.28,43.3 1 1
github.com/madelyne-io/madelyne/tester/unittester/env.go:10.68,12.26 2 1
github.com/madelyne-io/madelyne/tester/unittester/env.go:20.2,20.12 1 1
github.com/madelyne-io/madelyne/tester/unittester/env.go:12.26,13.28 1 1
github.com/madelyne-io/madelyne/tester/unittester/env.go:13.28,15.10 2 1
github.com/madelyne-io/madelyne/tester/unittester/env.go:15.10,17.5 1 1
github.com/madelyne-io/madelyne/tester/unittester/unittester.go:27.78,33.2 1 1
github.com/madelyne-io/madelyne/tester/unittester/unittester.go:35.42,36.21 1 0
github.com/madelyne-io/madelyne/tester/unittester/unittester.go:39.2,39.121 1 0
github.com/madelyne-io/madelyne/tester/unittester/unittester.go:36.21,38.3 1 0
github.com/madelyne-io/madelyne/tester/unittester/unittester.go:41.42,41.58 1 1
github.com/madelyne-io/madelyne/tester/unittester/unittester.go:49.73,55.2 1 1
github.com/madelyne-io/madelyne/tester/unittester/unittester.go:57.46,59.2 1 1
github.com/madelyne-io/madelyne/tester/unittester/unittester.go:61.64,63.18 2 1
github.com/madelyne-io/madelyne/tester/unittester/unittester.go:66.2,73.37 2 1
github.com/madelyne-io/madelyne/tester/unittester/unittester.go:77.2,78.16 2 1
github.com/madelyne-io/madelyne/tester/unittester/unittester.go:82.2,82.31 1 1
github.com/madelyne-io/madelyne/tester/unittester/unittester.go:86.2,87.17 2 1
github.com/madelyne-io/madelyne/tester/unittester/unittester.go:91.2,91.49 1 1
github.com/madelyne-io/madelyne/tester/unittester/unittester.go:95.2,95.19 1 1
github.com/madelyne-io/madelyne/tester/unittester/unittester.go:99.2,100.18 2 1
github.com/madelyne-io/madelyne/tester/unittester/unittester.go:105.2,105.47 1 1
github.com/madelyne-io/madelyne/tester/unittester/unittester.go:109.2,109.12 1 1
github.com/madelyne-io/madelyne/tester/unittester/unittester.go:63.18,65.3 1 0
github.com/madelyne-io/madelyne/tester/unittester/unittester.go:73.37,75.3 1 1
github.com/madelyne-io/madelyne/tester/unittester/unittester.go:78.16,80.3 1 1
github.com/madelyne-io/madelyne/tester/unittester/unittester.go:82.31,84.3 1 1
github.com/madelyne-io/madelyne/tester/unittester/unittester.go:87.17,89.3 1 1
github.com/madelyne-io/madelyne/tester/unittester/unittester.go:91.49,93.3 1 1
github.com/madelyne-io/madelyne/tester/unittester/unittester.go:95.19,97.3 1 1
github.com/madelyne-io/madelyne/tester/unittester/unittester.go:100.18,103.3 2 1
github.com/madelyne-io/madelyne/tester/unittester/unittester.go:105.47,107.3 1 1
github.com/madelyne-io/madelyne/tester/unittester/unittester.go:112.109,114.17 2 1
github.com/madelyne-io/madelyne/tester/unittester/unittester.go:117.2,118.16 2 1
github.com/madelyne-io/madelyne/tester/unittester/unittester.go:122.2,122.47 1 1
github.com/madelyne-io/madelyne/tester/unittester/unittester.go:141.2,142.9 2 1
github.com/madelyne-io/madelyne/tester/unittester/unittester.go:145.2,145.12 1 1
github.com/madelyne-io/madelyne/tester/unittester/unittester.go:114.17,116.3 1 1
github.com/madelyne-io/madelyne/tester/unittester/unittester.go:118.16,120.3 1 0
github.com/madelyne-io/madelyne/tester/unittester/unittester.go:122.47,126.17 4 1
github.com/madelyne-io/madelyne/tester/unittester/unittester.go:129.3,131.17 3 1
github.com/madelyne-io/madelyne/tester/unittester/unittester.go:134.3,135.17 2 1
github.com/madelyne-io/madelyne/tester/unittester/unittester.go:138.3,138.13 1 1
github.com/madelyne-io/madelyne/tester/unittester/unittester.go:126.17,128.4 1 0
github.com/madelyne-io/madelyne/tester/unittester/unittester.go:131.17,133.4 1 0
github.com/madelyne-io/madelyne/tester/unittester/unittester.go:135.17,137.4 1 1
github.com/madelyne-io/madelyne/tester/unittester/unittester.go:142.9,144.3 1 1
